-------------------------------------------------------------------------------
Test set: com.example.demo.BookStoreProject2ApplicationTests
-------------------------------------------------------------------------------
Tests run: 1, Failures: 0, Errors: 1, Skipped: 0, Time elapsed: 0.283 s <<< FAILURE! - in com.example.demo.BookStoreProject2ApplicationTests
com.example.demo.BookStoreProject2ApplicationTests  Time elapsed: 0.281 s  <<< ERROR!
java.lang.IllegalStateException: Unable to find a @SpringBootConfiguration, you need to use @ContextConfiguration or @SpringBootTest(classes=...) with your test

